<?xml version="1.0" encoding="UTF-8" standalone="no"?>
<testsuite errors="0" failures="0" name="io.cucumber.core.plugin.JUnitFormatter" skipped="0" tests="1" time="0.471">
    <testcase classname="User Registration" name="User registration with different data" time="0.072">
        <system-out><![CDATA[Given User is on registration page..........................................passed
When User enters following details..........................................passed
Then user registration should be sucessfull.................................passed
]]></system-out>
    </testcase>
</testsuite>
