<?xml version="1.0" encoding="UTF-8"?>
<testsuite xmlns:xsi="http://www.w3.org/2001/XMLSchema-instance" xsi:noNamespaceSchemaLocation="https://maven.apache.org/surefire/maven-surefire-plugin/xsd/surefire-test-report.xsd" name="TestSuite" time="14.331" tests="5" errors="0" skipped="0" failures="0">
  <properties>
[...]
</properties>
  <testcase name="runScenario" classname="runner.TestRunner" time="10.03"/>
  <testcase name="runScenario" classname="runner.TestRunner" time="10.071"/>
  <testcase name="runScenario" classname="runner.TestRunner" time="10.119"/>
  <testcase name="runScenario" classname="runner.TestRunner" time="10.18"/>
  <testcase name="runScenario" classname="runner.TestRunner" time="10.224"/>
</testsuite>